1000 284 100 957892 0
1000 577 100 957892 0
1000 300 100 957892 0
1000 65 100 20571 0
1000 74 100 20571 0
1000 725 100 957892 0
1000 766 100 957892 0
1000 532 100 957892 0
1000 607 100 957892 0
1000 703 100 957892 0
1000 203 100 344139 0
1000 713 100 957892 0
1000 504 100 957892 0
1000 799 100 957892 0
1000 973 100 16269 1
1000 150 100 33992 0
1000 37 100 20571 0
1000 19 100 10465 0
1000 349 100 957892 0
1000 83 100 32624 0
1000 77 100 20571 0
1000 612 100 957892 0
1000 479 100 957892 0
1000 443 100 957892 0
1000 780 100 957892 0
1000 542 100 957892 0
1000 817 100 110062 1
1000 690 100 957892 0
1000 692 100 957892 0
1000 845 100 110062 1
1000 340 100 957892 0
1000 584 100 957892 0
1000 975 100 16269 1
1000 340 100 957892 0
1000 195 100 344139 0
1000 679 100 957892 0
1000 628 100 957892 0
1000 799 100 957892 0
1000 406 100 957892 0
1000 566 100 957892 0
1000 227 100 344139 0
1000 88 100 32624 0
1000 937 100 16269 1
1000 728 100 957892 0
1000 667 100 957892 0
1000 845 100 110062 1
1000 345 100 957892 0
1000 443 100 957892 0
1000 781 100 957892 0
1000 710 100 957892 0
1000 734 100 957892 0
1000 69 100 20571 0
1000 436 100 957892 0
1000 992 100 8929 1
1000 721 100 957892 0
1000 657 100 957892 0
1000 56 100 20571 0
1000 515 100 957892 0
1000 288 100 957892 0
1000 414 100 957892 0
1000 580 100 957892 0
1000 961 100 16269 1
1000 56 100 20571 0
1000 945 100 16269 1
1000 325 100 957892 0
1000 924 100 39412 1
1000 75 100 20571 0
1000 249 100 957892 0
1000 74 100 20571 0
1000 652 100 957892 0
1000 836 100 110062 1
1000 494 100 957892 0
1000 504 100 957892 0
1000 79 100 32624 0
1000 107 100 32624 0
1000 783 100 957892 0
1000 667 100 957892 0
1000 83 100 32624 0
1000 362 100 957892 0
1000 502 100 957892 0
1000 316 100 957892 0
1000 924 100 39412 1
1000 450 100 957892 0
1000 138 100 32624 0
1000 635 100 957892 0
1000 994 100 8929 1
1000 915 100 110062 1
1000 491 100 957892 0
1000 817 100 110062 1
1000 204 100 344139 0
1000 252 100 957892 0
1000 880 100 110062 1
1000 26 100 10465 0
1000 316 100 957892 0
1000 172 100 33992 0
1000 760 100 957892 0
1000 186 100 344139 0
1000 751 100 957892 0
1000 343 100 957892 0
1000 40 100 20571 0
