
---------------------------------------------------------------
	Ding Zhou
	CPSC 427/527
	Sat Dec  8 2018	00:18:48
---------------------------------------------------------------
numAgents: 100
maxRounds: 1000
probNak: 0.9
probExtend: 0.1
seed: 1543782199
Population statistics:
numNakamoto:	88
numFickle:	8
numCrowd:	4
[0,1] [1,2] [2,44] [3,50] [4,56] 
[0,1] [1,13] [2,39] [3,52] 
[0,1] [1,2] [2,44] [3,50] [4,89] 
[0,1] [1,2] [2,44] [3,50] [4,56] [5,87] 
[0,1] 
[0,1] [1,63] 
[0,1] [1,22] [2,30] [3,46] 
[0,1] [1,2] [2,31] [3,34] [4,80] 
[0,1] [1,7] [2,57] [3,58] [4,75] 
[0,1] [1,2] [2,44] [3,50] [4,56] 
[0,1] [1,22] [2,30] [3,46] 
[0,1] [1,2] [2,44] [3,50] [4,56] 
[0,1] [1,22] [2,30] [3,46] 
[0,1] [1,5] [2,48] [3,64] 
[0,1] [1,7] [2,57] [3,58] 
[0,1] [1,7] [2,57] [3,58] [4,75] 
[0,1] [1,22] [2,30] [3,72] [4,83] [5,88] 
[0,1] [1,2] [2,44] [3,50] [4,56] 
[0,1] [1,2] [2,44] [3,50] 
[0,1] [1,2] [2,44] [3,50] [4,56] 
[0,1] [1,6] [2,42] [3,65] 
[0,1] [1,2] [2,44] [3,50] [4,86] 
[0,1] [1,22] [2,30] [3,46] [4,49] [5,53] [6,69] 
[0,1] [1,22] [2,30] [3,46] 
[0,1] [1,12] [2,29] [3,40] 
[0,1] [1,26] 
[0,1] [1,2] [2,44] [3,50] [4,56] [5,85] 
[0,1] [1,22] [2,30] [3,46] 
[0,1] [1,2] [2,31] [3,34] 
[0,1] [1,7] [2,57] [3,58] [4,75] 
[0,1] [1,22] [2,30] [3,46] [4,74] 
[0,1] [1,2] [2,44] [3,50] [4,56] 
[0,1] [1,13] [2,39] [3,52] 
[0,1] [1,2] [2,44] [3,50] [4,56] 
[0,1] [1,22] [2,30] [3,46] 
[0,1] [1,2] [2,44] [3,50] [4,56] 
[0,1] [1,10] [2,54] [3,62] 
[0,1] [1,2] [2,44] [3,50] [4,56] 
[0,1] [1,13] [2,39] [3,52] 
[0,1] [1,2] [2,44] [3,50] 
[0,1] [1,2] [2,44] [3,50] [4,56] 
[0,1] [1,2] [2,44] [3,50] 
[0,1] [1,22] [2,30] [3,46] [4,68] [5,73] 
[0,1] [1,2] [2,31] [3,34] 
[0,1] [1,13] [2,39] [3,47] 
[0,1] [1,22] [2,30] [3,46] [4,49] [5,53] [6,69] 
[0,1] [1,13] [2,39] [3,52] 
[0,1] [1,22] [2,30] [3,46] 
[0,1] [1,22] [2,30] [3,46] 
[0,1] [1,2] [2,44] [3,50] [4,56] 
[0,1] [1,22] [2,30] [3,46] 
[0,1] [1,7] [2,57] [3,58] [4,75] 
[0,1] [1,12] [2,29] [3,67] [4,84] 
[0,1] [1,12] [2,29] [3,40] 
[0,1] [1,5] [2,48] [3,64] 
[0,1] [1,22] [2,30] [3,46] 
[0,1] [1,12] [2,29] [3,40] 
[0,1] [1,22] [2,30] [3,77] 
[0,1] [1,2] [2,31] [3,34] 
[0,1] [1,2] [2,44] [3,50] [4,56] 
[0,1] [1,2] [2,44] [3,50] [4,56] 
[0,1] [1,2] [2,44] [3,50] [4,56] 
[0,1] [1,2] [2,44] [3,50] [4,56] 
[0,1] [1,2] [2,44] [3,50] [4,56] 
[0,1] [1,2] [2,44] [3,50] [4,56] 
[0,1] [1,12] [2,29] [3,40] 
[0,1] [1,22] [2,30] [3,46] [4,82] [5,91] 
[0,1] [1,7] [2,21] 
[0,1] [1,37] [2,43] 
[0,1] [1,12] [2,29] [3,40] 
[0,1] [1,22] [2,30] [3,72] [4,83] 
[0,1] [1,22] [2,30] [3,46] 
[0,1] [1,2] [2,44] [3,50] [4,56] 
[0,1] [1,22] [2,30] [3,46] 
[0,1] [1,33] [2,61] 
[0,1] [1,2] [2,44] [3,50] [4,56] 
[0,1] [1,22] [2,30] [3,46] [4,49] [5,53] [6,66] 
[0,1] [1,2] [2,44] [3,50] 
[0,1] [1,22] [2,30] [3,46] 
[0,1] [1,33] [2,60] 
[0,1] [1,13] [2,39] [3,52] 
[0,1] [1,12] [2,29] [3,40] 
[0,1] [1,22] [2,30] [3,46] [4,68] 
[0,1] [1,7] [2,21] [3,51] 
[0,1] [1,22] [2,30] [3,46] 
[0,1] [1,22] [2,30] [3,46] [4,68] [5,73] [6,90] 
[0,1] [1,7] [2,21] [3,76] 
[0,1] [1,7] [2,57] [3,58] [4,75] 
[0,1] [1,12] [2,29] [3,40] 
[0,1] [1,7] [2,21] 
[0,1] [1,70] 
[0,1] [1,22] [2,30] [3,46] [4,68] 
[0,1] [1,7] [2,21] [3,35] 
[0,1] [1,22] [2,30] [3,46] [4,68] [5,73] 
[0,1] [1,7] [2,57] [3,58] [4,75] 
[0,1] [1,12] [2,29] [3,40] 
[0,1] [1,7] [2,21] [3,35] 
[0,1] [1,13] [2,39] [3,52] 
[0,1] [1,13] [2,39] [3,47] 
[0,1] [1,22] [2,30] [3,46] [4,68] [5,73] 


---------------------------------------------------------------
Normal termination.

---------------------------------------------------------------
	Ding Zhou
	CPSC 427/527
	Sat Dec  8 2018	00:18:48
---------------------------------------------------------------
numAgents: 10
maxRounds: 1000
probNak: 0.9
probExtend: 0.1
seed: 1543782199
Population statistics:
numNakamoto:	8
numFickle:	0
numCrowd:	2
[0,1] [1,5] [2,6] [3,7] [4,8] [5,14] [6,15] [7,16] [8,20] [9,24] [10,26] [11,29] [12,30] [13,33] [14,34] [15,39] [16,43] [17,47] [18,50] [19,53] [20,56] [21,60] [22,61] [23,68] [24,72] [25,76] [26,78] [27,81] [28,83] [29,85] [30,87] [31,88] [32,89] [33,91] 
[0,1] [1,5] [2,6] [3,7] [4,8] [5,14] [6,15] [7,16] [8,20] [9,24] [10,26] [11,29] [12,30] [13,33] [14,34] [15,39] [16,43] [17,47] [18,50] [19,53] [20,56] [21,60] [22,61] [23,68] [24,72] [25,76] [26,78] [27,81] [28,83] [29,85] [30,87] [31,88] [32,89] [33,90] 
[0,1] [1,5] [2,6] [3,7] [4,8] [5,14] [6,15] [7,16] [8,20] [9,24] [10,26] [11,29] [12,30] [13,33] [14,34] [15,39] [16,43] [17,47] [18,50] [19,53] [20,56] [21,60] [22,61] [23,68] [24,72] [25,76] [26,78] [27,81] [28,83] [29,85] [30,87] [31,88] [32,89] [33,90] 
[0,1] [1,5] [2,6] [3,7] [4,8] [5,14] [6,15] [7,16] [8,20] [9,24] [10,26] [11,29] [12,30] [13,33] [14,34] [15,39] [16,43] [17,47] [18,50] [19,53] [20,56] [21,60] [22,61] [23,68] [24,72] [25,76] [26,78] [27,81] [28,83] [29,85] [30,87] [31,88] [32,89] [33,93] 
[0,1] [1,5] [2,6] [3,7] [4,8] [5,14] [6,15] [7,16] [8,20] [9,24] [10,26] [11,29] [12,30] [13,33] [14,34] [15,39] [16,43] [17,47] [18,50] [19,53] [20,56] [21,60] [22,61] [23,68] [24,72] [25,76] [26,78] [27,81] 
[0,1] [1,5] [2,6] [3,7] [4,8] [5,14] [6,15] [7,16] [8,20] [9,24] [10,26] [11,29] [12,30] [13,33] [14,34] [15,39] [16,43] [17,47] [18,50] [19,53] [20,56] [21,60] [22,61] [23,68] [24,72] [25,76] [26,78] [27,81] [28,83] [29,85] [30,87] [31,88] [32,89] 
[0,1] [1,5] [2,6] [3,7] [4,8] [5,14] [6,15] [7,16] [8,20] [9,24] [10,26] [11,29] [12,30] [13,33] [14,34] [15,39] [16,43] [17,47] [18,50] [19,53] [20,56] [21,60] [22,61] [23,68] [24,72] [25,76] [26,78] [27,81] [28,83] [29,85] [30,87] [31,88] [32,89] [33,91] 
[0,1] [1,5] [2,6] [3,7] [4,8] [5,14] [6,15] [7,16] [8,20] [9,24] [10,26] [11,29] [12,30] [13,33] [14,34] [15,39] [16,43] [17,47] [18,50] [19,53] [20,56] [21,60] [22,61] [23,68] [24,72] [25,76] [26,78] [27,81] [28,83] [29,85] [30,87] [31,88] [32,89] [33,90] 
[0,1] [1,5] [2,6] [3,7] [4,8] [5,14] [6,15] [7,16] [8,20] [9,24] [10,26] [11,29] [12,30] [13,33] [14,34] [15,39] [16,43] [17,47] [18,50] [19,53] [20,56] [21,60] [22,61] [23,68] [24,72] [25,76] [26,78] [27,81] [28,83] [29,85] [30,87] [31,88] [32,89] [33,90] [34,92] 
[0,1] [1,5] [2,6] [3,7] [4,8] [5,14] [6,15] [7,16] [8,20] [9,24] [10,26] [11,29] [12,30] [13,33] [14,34] [15,39] [16,43] [17,47] [18,50] [19,53] [20,56] [21,60] [22,61] [23,68] [24,72] [25,76] [26,78] [27,81] [28,83] [29,85] [30,87] [31,88] [32,89] [33,90] [34,92] 


---------------------------------------------------------------
Normal termination.

---------------------------------------------------------------
	Ding Zhou
	CPSC 427/527
	Sat Dec  8 2018	00:18:48
---------------------------------------------------------------
numAgents: 10
maxRounds: 100
probNak: 0.9
probExtend: 0.1
seed: 1543782199
Population statistics:
numNakamoto:	8
numFickle:	0
numCrowd:	2
[0,1] [1,5] [2,6] [3,7] [4,8] [5,12] 
[0,1] [1,5] [2,6] [3,7] [4,8] [5,12] 
[0,1] [1,5] [2,6] [3,7] [4,8] [5,12] 
[0,1] [1,5] [2,6] [3,7] [4,8] [5,14] 
[0,1] [1,3] [2,11] [3,13] 
[0,1] [1,4] 
[0,1] [1,5] [2,6] [3,7] [4,8] 
[0,1] [1,5] [2,6] [3,7] [4,8] [5,12] 
[0,1] [1,5] [2,6] [3,7] [4,8] [5,12] 
[0,1] [1,5] [2,6] [3,7] [4,8] [5,12] 


---------------------------------------------------------------
Normal termination.

---------------------------------------------------------------
	Ding Zhou
	CPSC 427/527
	Sat Dec  8 2018	00:18:48
---------------------------------------------------------------
usage: > blockchain numAgents maxRounds probNak probFickle probExtend [seed]

---------------------------------------------------------------
Normal termination.

---------------------------------------------------------------
	Ding Zhou
	CPSC 427/527
	Sat Dec  8 2018	00:18:48
---------------------------------------------------------------
usage: > blockchain numAgents maxRounds probNak probFickle probExtend [seed]

---------------------------------------------------------------
Normal termination.

---------------------------------------------------------------
	Ding Zhou
	CPSC 427/527
	Sat Dec  8 2018	00:18:48
---------------------------------------------------------------
usage: > blockchain numAgents maxRounds probNak probFickle probExtend [seed]

---------------------------------------------------------------
Normal termination.

---------------------------------------------------------------
	Ding Zhou
	CPSC 427/527
	Sat Dec  8 2018	00:18:48
---------------------------------------------------------------
numAgents: 10
maxRounds: 100
probNak: 1
probExtend: 1
seed: 1543782199
Population statistics:
numNakamoto:	10
numFickle:	0
numCrowd:	0
[0,1] [1,2] [2,16] [3,24] [4,26] [5,37] [6,59] [7,79] 
[0,1] [1,18] [2,29] [3,35] [4,45] [5,50] [6,55] [7,66] [8,68] [9,92] [10,95] [11,100] 
[0,1] [1,21] [2,42] [3,48] [4,54] [5,69] [6,73] [7,80] [8,81] [9,89] [10,93] 
[0,1] [1,4] [2,5] [3,6] [4,12] [5,13] [6,19] [7,30] [8,32] [9,33] [10,43] [11,62] [12,64] [13,78] [14,83] 
[0,1] [1,9] [2,25] [3,31] [4,38] [5,39] [6,47] [7,56] [8,58] [9,61] [10,67] [11,72] [12,74] [13,75] [14,84] [15,98] [16,101] 
[0,1] [1,7] [2,20] [3,34] [4,40] [5,71] [6,86] [7,91] [8,96] 
[0,1] [1,10] [2,41] [3,60] [4,77] [5,97] 
[0,1] [1,8] [2,27] [3,36] [4,44] [5,46] [6,52] [7,57] [8,63] [9,65] [10,87] [11,90] [12,94] 
[0,1] [1,11] [2,22] [3,23] [4,28] [5,53] [6,88] [7,99] 
[0,1] [1,3] [2,14] [3,15] [4,17] [5,49] [6,51] [7,70] [8,76] [9,82] [10,85] 


---------------------------------------------------------------
Normal termination.
