➜  ps6-dz275 valgrind ./blockchain
==24117== Memcheck, a memory error detector
==24117== Copyright (C) 2002-2017, and GNU GPL'd, by Julian Seward et al.
==24117== Using Valgrind-3.14.0 and LibVEX; rerun with -h for copyright info
==24117== Command: ./blockchain
==24117==

---------------------------------------------------------------
	Ding Zhou
	CPSC 427/527
	Mon Dec  3 2018	22:58:34
---------------------------------------------------------------
Input command: E0
Input command: E3
Input command: A10
Input command: E1
Input command: A21
Input command: P
[0,1] [1,2]
[0,1] [1,2] [2,4]
[0,1] [1,2] [2,4]
[0,1] [1,3]
[0,1]
[0,1]
[0,1]
[0,1]
[0,1]
[0,1]
Input command: E2
Input command: E2
Input command: E2
Input command: E2
Input command: E2
Input command: E2
Input command: P
[0,1] [1,2]
[0,1] [1,2] [2,4]
[0,1] [1,2] [2,4] [3,5] [4,6] [5,7] [6,8] [7,9] [8,10]
[0,1] [1,3]
[0,1]
[0,1]
[0,1]
[0,1]
[0,1]
[0,1]
Input command: E1
Input command: P
[0,1] [1,2]
[0,1] [1,2] [2,4] [3,11]
[0,1] [1,2] [2,4] [3,5] [4,6] [5,7] [6,8] [7,9] [8,10]
[0,1] [1,3]
[0,1]
[0,1]
[0,1]
[0,1]
[0,1]
[0,1]
Input command: A21
Input command: P
[0,1] [1,2]
[0,1] [1,2] [2,4] [3,11]
[0,1] [1,2] [2,4] [3,11]
[0,1] [1,3]
[0,1]
[0,1]
[0,1]
[0,1]
[0,1]
[0,1]
Input command: Q

---------------------------------------------------------------
Normal termination.
==24117==
==24117== HEAP SUMMARY:
==24117==     in use at exit: 4 bytes in 1 blocks
==24117==   total heap usage: 35 allocs, 34 frees, 82,090 bytes allocated
==24117==
==24117== LEAK SUMMARY:
==24117==    definitely lost: 0 bytes in 0 blocks
==24117==    indirectly lost: 0 bytes in 0 blocks
==24117==      possibly lost: 0 bytes in 0 blocks
==24117==    still reachable: 4 bytes in 1 blocks
==24117==         suppressed: 0 bytes in 0 blocks
==24117== Rerun with --leak-check=full to see details of leaked memory
==24117==
==24117== For counts of detected and suppressed errors, rerun with: -v
==24117== ERROR SUMMARY: 0 errors from 0 contexts (suppressed: 0 from 0)
